<?xml version="1.0" encoding="UTF-8"?>
<!-- Generated by org.testng.reporters.JUnitReportReporter -->
<testsuite skipped="0" hostname="DESKTOP-T3EO6I8" name="com.crm.qa.testcases.LoginPageTest" tests="3" failures="0" timestamp="24 Oct 2018 18:16:05 GMT" time="43.477" errors="0">
  <testcase name="loginPageTitleTest" time="12.226" classname="com.crm.qa.testcases.LoginPageTest"/>
  <testcase name="validateCRMLogo" time="9.546" classname="com.crm.qa.testcases.LoginPageTest"/>
  <testcase name="loginTest" time="21.705" classname="com.crm.qa.testcases.LoginPageTest"/>
</testsuite> <!-- com.crm.qa.testcases.LoginPageTest -->
