<?xml version="1.0" encoding="UTF-8"?>
<!-- Generated by org.testng.reporters.JUnitReportReporter -->
<testsuite skipped="0" hostname="DESKTOP-T3EO6I8" name="com.crm.qa.testcases.LoginPageTest" tests="3" failures="0" timestamp="21 Oct 2018 16:50:40 GMT" time="49.346" errors="0">
  <testcase name="loginPageTitleTest" time="15.008" classname="com.crm.qa.testcases.LoginPageTest"/>
  <testcase name="validateCRMLogo" time="12.628" classname="com.crm.qa.testcases.LoginPageTest"/>
  <testcase name="loginTest" time="21.710" classname="com.crm.qa.testcases.LoginPageTest"/>
</testsuite> <!-- com.crm.qa.testcases.LoginPageTest -->
